
15:51:45.255 [info] Loading 145 CA(s) from :otp store

15:51:45.361 id=1 [debug] handled request client -> server initialize in 63ms

15:51:45.364 [debug] sent notification server -> client window/logMessage

15:51:45.365 [debug] handled notification client -> server textDocument/didOpen in 2ms

15:51:45.366 [debug] NextLS v0.23.4 has initialized!

15:51:45.366 [debug] sent notification server -> client window/logMessage

15:51:45.366 [debug] Log file located at /home/grechman/grechman/advent-of-code/second-elixir/lib/.elixir-tools/next-ls.log

15:51:45.367 [debug] sent notification server -> client window/logMessage

15:51:45.367 [info] [extension] Credo initializing with options %NextLS.InitOpts.Extensions.Credo{enable: true, cli_options: []}

15:52:01.366 [debug] sent notification server -> client window/logMessage

15:52:01.366 [debug] Booting runtimes...

15:52:01.368 id=1666 [debug] sent request server -> client window/workDoneProgress/create

15:52:01.372 [debug] sent notification server -> client $/progress

15:52:01.384 [debug] sent notification server -> client window/logMessage

15:52:01.384 [info] Beginning DB migration...

15:52:01.387 [debug] sent notification server -> client window/logMessage

15:52:01.387 [info] Database is on the latest version: 7

15:52:01.387 [debug] sent notification server -> client window/logMessage

15:52:01.387 [info] Finished DB migration...

15:52:01.387 [debug] sent notification server -> client window/logMessage

15:52:01.387 [info] Booting runtime for /home/grechman/grechman/advent-of-code/second-elixir.

- elixir: /usr/bin/elixir
- zombie wrapper script: /home/grechman/.local/share/.burrito/next_ls_erts-15.2_0.23.4/lib/next_ls-0.23.4/priv/cmd
- working_dir: /home/grechman/grechman/advent-of-code/second-elixir
- command: /usr/bin/elixir --no-halt --sname nextls-runtime-1774183921387179955 --cookie HHYKTHK2JHVUZI3HDBMAF64GPJFPN4AV4Y7CQDE27SSFQKZPVAFQ==== -S mix loadpaths --no-compile

Environment: 

LSP=nextls
NEXTLS_PARENT_PID=g1h3I25leHQtbHMtMTc3NDE4MzkwNTI2MjI1OTQyMEB6ZW5ib29rAAAA3wAAAABpv+Xi
MIX_ENV=dev
MIX_TARGET=host
MIX_BUILD_ROOT=.elixir-tools/_build
ROOTDIR=false
BINDIR=false
RELEASE_ROOT=false
RELEASE_SYS_CONFIG=false
PATH=/usr/bin:/home/grechman/.local/share/.burrito/next_ls_erts-15.2_0.23.4/bin:/home/grechman/.local/share/nvim/mason/bin:/home/grechman/.npm-global/bin:/home/grechman/.local/bin:/usr/local/sbin:/usr/local/bin:/usr/bin:/usr/lib/jvm/default/bin:/usr/bin/site_perl:/usr/bin/vendor_perl:/usr/bin/core_perl:/home/grechman/go/bin


15:52:01.387 [debug] handled notification client -> server initialized in 16025ms

15:52:02.430 [debug] sent notification server -> client window/logMessage

15:52:02.430 [info] Connected to node nextls-runtime-1774183921387179955@zenbook

15:52:02.763 [debug] sent notification server -> client $/progress

15:52:02.764 [debug] sent notification server -> client window/logMessage

15:52:02.764 [debug] Runtime for folder /home/grechman/grechman/advent-of-code/second-elixir is ready...

15:52:02.766 id=1826 [debug] sent request server -> client window/workDoneProgress/create

15:52:02.767 [debug] sent notification server -> client $/progress

15:52:02.813 [debug] sent notification server -> client window/logMessage

15:52:02.813 [info]     warning: variable "isValid?" is unused (if the variable is not meant to be used, prefix it with an underscore)
    │
  1 │ isValid? = fn number ->
    │ ~~~~~~~~
    │
    └─ lib/advent.ex:1:1



15:52:02.813 [debug] sent notification server -> client window/logMessage

15:52:02.813 [info]     warning: variable "isValidRegex?" is unused (if the variable is not meant to be used, prefix it with an underscore)
    │
 11 │ isValidRegex? = fn number ->
    │ ~~~~~~~~~~~~~
    │
    └─ lib/advent.ex:11:1



15:52:02.817 [debug] sent notification server -> client window/logMessage

15:52:02.817 [debug] sent notification server -> client $/progress

15:52:02.817 [info] Compiled /home/grechman/grechman/advent-of-code/second-elixir!

15:52:02.819 [debug] sent notification server -> client textDocument/publishDiagnostics

15:52:02.819 [debug] sent notification server -> client textDocument/publishDiagnostics

19:33:30.032 id=2 [debug] handled request client -> server shutdown in 1ms

19:33:30.032 id=3 [debug] handled request client -> server shutdown in 232µs

19:33:30.033 [debug] sent notification server -> client window/logMessage

19:33:30.033 [info] The runtime for /home/grechman/grechman/advent-of-code/second-elixir has successfully shut down.

19:33:30.034 [debug] sent notification server -> client window/logMessage

19:33:30.034 [info] Beginning DB migration...
